<?xml version="1.0" encoding="UTF-8"?>
<testsuite xmlns:xsi="http://www.w3.org/2001/XMLSchema-instance" xsi:noNamespaceSchemaLocation="https://maven.apache.org/surefire/maven-surefire-plugin/xsd/surefire-test-report-3.0.xsd" version="3.0" name="InjectedTest" time="3.264" tests="5" errors="0" skipped="0" failures="0">
  <properties>
    <property name="java.specification.version" value="17"/>
    <property name="sun.jnu.encoding" value="UTF-8"/>
    <property name="java.class.path" value="/Users/samuelyoung/Documents/Pipelines/Jenkins/plugin/jenkins_repo/Jenkins/target/test-classes:/Users/samuelyoung/Documents/Pipelines/Jenkins/plugin/jenkins_repo/Jenkins/target/classes:/Users/samuelyoung/.m2/repository/org/jenkins-ci/plugins/credentials/1319.v7eb_51b_3a_c97b_/credentials-1319.v7eb_51b_3a_c97b_.jar:/Users/samuelyoung/.m2/repository/org/jenkins-ci/plugins/plain-credentials/179.vc5cb_98f6db_38/plain-credentials-179.vc5cb_98f6db_38.jar:/Users/samuelyoung/.m2/repository/org/jenkins-ci/plugins/git/5.2.1/git-5.2.1.jar:/Users/samuelyoung/.m2/repository/org/jenkins-ci/plugins/git-client/4.7.0/git-client-4.7.0.jar:/Users/samuelyoung/.m2/repository/io/jenkins/plugins/gson-api/2.10.1-15.v0d99f670e0a_7/gson-api-2.10.1-15.v0d99f670e0a_7.jar:/Users/samuelyoung/.m2/repository/com/google/code/gson/gson/2.10.1/gson-2.10.1.jar:/Users/samuelyoung/.m2/repository/io/jenkins/plugins/mina-sshd-api/mina-sshd-api-common/2.12.1-101.v85b_e08b_780dd/mina-sshd-api-common-2.12.1-101.v85b_e08b_780dd.jar:/Users/samuelyoung/.m2/repository/org/apache/sshd/sshd-common/2.12.1/sshd-common-2.12.1.jar:/Users/samuelyoung/.m2/repository/io/jenkins/plugins/mina-sshd-api/mina-sshd-api-core/2.12.1-101.v85b_e08b_780dd/mina-sshd-api-core-2.12.1-101.v85b_e08b_780dd.jar:/Users/samuelyoung/.m2/repository/org/apache/sshd/sshd-core/2.12.1/sshd-core-2.12.1.jar:/Users/samuelyoung/.m2/repository/org/eclipse/jgit/org.eclipse.jgit/6.9.0.202403050737-r/org.eclipse.jgit-6.9.0.202403050737-r.jar:/Users/samuelyoung/.m2/repository/com/googlecode/javaewah/JavaEWAH/1.2.3/JavaEWAH-1.2.3.jar:/Users/samuelyoung/.m2/repository/org/eclipse/jgit/org.eclipse.jgit.http.apache/6.9.0.202403050737-r/org.eclipse.jgit.http.apache-6.9.0.202403050737-r.jar:/Users/samuelyoung/.m2/repository/org/eclipse/jgit/org.eclipse.jgit.http.server/6.9.0.202403050737-r/org.eclipse.jgit.http.server-6.9.0.202403050737-r.jar:/Users/samuelyoung/.m2/repository/org/eclipse/jgit/org.eclipse.jgit.lfs/6.9.0.202403050737-r/org.eclipse.jgit.lfs-6.9.0.202403050737-r.jar:/Users/samuelyoung/.m2/repository/org/eclipse/jgit/org.eclipse.jgit.ssh.apache/6.9.0.202403050737-r/org.eclipse.jgit.ssh.apache-6.9.0.202403050737-r.jar:/Users/samuelyoung/.m2/repository/org/jenkins-ci/plugins/trilead-api/2.142.v748523a_76693/trilead-api-2.142.v748523a_76693.jar:/Users/samuelyoung/.m2/repository/org/jenkins-ci/trilead-ssh2/build-217-jenkins-274.276.v58da_75159cb_7/trilead-ssh2-build-217-jenkins-274.276.v58da_75159cb_7.jar:/Users/samuelyoung/.m2/repository/net/i2p/crypto/eddsa/0.3.0/eddsa-0.3.0.jar:/Users/samuelyoung/.m2/repository/org/connectbot/jbcrypt/jbcrypt/1.0.0/jbcrypt-1.0.0.jar:/Users/samuelyoung/.m2/repository/com/google/crypto/tink/tink/1.10.0/tink-1.10.0.jar:/Users/samuelyoung/.m2/repository/com/google/errorprone/error_prone_annotations/2.18.0/error_prone_annotations-2.18.0.jar:/Users/samuelyoung/.m2/repository/org/kohsuke/trilead-putty-extension/1.2/trilead-putty-extension-1.2.jar:/Users/samuelyoung/.m2/repository/org/jenkins-ci/plugins/ssh-credentials/334.v7732563deee1/ssh-credentials-334.v7732563deee1.jar:/Users/samuelyoung/.m2/repository/org/jenkins-ci/plugins/variant/60.v7290fc0eb_b_cd/variant-60.v7290fc0eb_b_cd.jar:/Users/samuelyoung/.m2/repository/org/jenkins-ci/plugins/scm-api/676.v886669a_199a_a_/scm-api-676.v886669a_199a_a_.jar:/Users/samuelyoung/.m2/repository/org/jenkins-ci/plugins/script-security/1326.vdb_c154de8669/script-security-1326.vdb_c154de8669.jar:/Users/samuelyoung/.m2/repository/org/kohsuke/groovy-sandbox/1.33/groovy-sandbox-1.33.jar:/Users/samuelyoung/.m2/repository/io/jenkins/plugins/caffeine-api/3.1.8-133.v17b_1ff2e0599/caffeine-api-3.1.8-133.v17b_1ff2e0599.jar:/Users/samuelyoung/.m2/repository/com/github/ben-manes/caffeine/caffeine/3.1.8/caffeine-3.1.8.jar:/Users/samuelyoung/.m2/repository/org/jenkins-ci/plugins/workflow/workflow-step-api/657.v03b_e8115821b_/workflow-step-api-657.v03b_e8115821b_.jar:/Users/samuelyoung/.m2/repository/org/jenkins-ci/plugins/workflow/workflow-scm-step/427.v4ca_6512e7df1/workflow-scm-step-427.v4ca_6512e7df1.jar:/Users/samuelyoung/.m2/repository/org/jenkins-ci/plugins/mailer/470.vc91f60c5d8e2/mailer-470.vc91f60c5d8e2.jar:/Users/samuelyoung/.m2/repository/org/jenkins-ci/plugins/display-url-api/2.200.vb_9327d658781/display-url-api-2.200.vb_9327d658781.jar:/Users/samuelyoung/.m2/repository/org/jenkins-ci/modules/instance-identity/185.v303dc7c645f9/instance-identity-185.v303dc7c645f9.jar:/Users/samuelyoung/.m2/repository/org/jenkins-ci/plugins/bouncycastle-api/2.30.1.77-225.v26ea_c9455fd9/bouncycastle-api-2.30.1.77-225.v26ea_c9455fd9.jar:/Users/samuelyoung/.m2/repository/org/bouncycastle/bcpkix-jdk18on/1.77/bcpkix-jdk18on-1.77.jar:/Users/samuelyoung/.m2/repository/org/bouncycastle/bcprov-jdk18on/1.77/bcprov-jdk18on-1.77.jar:/Users/samuelyoung/.m2/repository/org/bouncycastle/bcutil-jdk18on/1.77/bcutil-jdk18on-1.77.jar:/Users/samuelyoung/.m2/repository/org/jenkins-ci/plugins/credentials-binding/657.v2b_19db_7d6e6d/credentials-binding-657.v2b_19db_7d6e6d.jar:/Users/samuelyoung/.m2/repository/org/jenkins-ci/plugins/structs/337.v1b_04ea_4df7c8/structs-337.v1b_04ea_4df7c8.jar:/Users/samuelyoung/.m2/repository/org/jenkins-ci/plugins/workflow/workflow-basic-steps/1049.v257a_e6b_30fb_d/workflow-basic-steps-1049.v257a_e6b_30fb_d.jar:/Users/samuelyoung/.m2/repository/io/jenkins/plugins/jakarta-mail-api/2.1.3-1/jakarta-mail-api-2.1.3-1.jar:/Users/samuelyoung/.m2/repository/io/jenkins/plugins/jakarta-activation-api/2.1.3-1/jakarta-activation-api-2.1.3-1.jar:/Users/samuelyoung/.m2/repository/jakarta/activation/jakarta.activation-api/2.1.3/jakarta.activation-api-2.1.3.jar:/Users/samuelyoung/.m2/repository/org/eclipse/angus/angus-activation/2.0.2/angus-activation-2.0.2.jar:/Users/samuelyoung/.m2/repository/jakarta/mail/jakarta.mail-api/2.1.3/jakarta.mail-api-2.1.3.jar:/Users/samuelyoung/.m2/repository/org/eclipse/angus/angus-mail/2.0.3/angus-mail-2.0.3.jar:/Users/samuelyoung/.m2/repository/org/jenkins-ci/plugins/workflow/workflow-api/1291.v51fd2a_625da_7/workflow-api-1291.v51fd2a_625da_7.jar:/Users/samuelyoung/.m2/repository/org/jenkins-ci/plugins/apache-httpcomponents-client-4-api/4.5.14-208.v438351942757/apache-httpcomponents-client-4-api-4.5.14-208.v438351942757.jar:/Users/samuelyoung/.m2/repository/org/apache/httpcomponents/fluent-hc/4.5.14/fluent-hc-4.5.14.jar:/Users/samuelyoung/.m2/repository/org/apache/httpcomponents/httpasyncclient/4.1.5/httpasyncclient-4.1.5.jar:/Users/samuelyoung/.m2/repository/org/apache/httpcomponents/httpasyncclient-cache/4.1.5/httpasyncclient-cache-4.1.5.jar:/Users/samuelyoung/.m2/repository/org/apache/httpcomponents/httpclient/4.5.14/httpclient-4.5.14.jar:/Users/samuelyoung/.m2/repository/org/apache/httpcomponents/httpclient-cache/4.5.14/httpclient-cache-4.5.14.jar:/Users/samuelyoung/.m2/repository/org/apache/httpcomponents/httpcore/4.4.16/httpcore-4.4.16.jar:/Users/samuelyoung/.m2/repository/org/apache/httpcomponents/httpcore-nio/4.4.16/httpcore-nio-4.4.16.jar:/Users/samuelyoung/.m2/repository/org/apache/httpcomponents/httpmime/4.5.14/httpmime-4.5.14.jar:/Users/samuelyoung/.m2/repository/org/jenkins-ci/plugins/workflow/workflow-cps/3889.v937e0b_3412d3/workflow-cps-3889.v937e0b_3412d3.jar:/Users/samuelyoung/.m2/repository/io/jenkins/plugins/ionicons-api/56.v1b_1c8c49374e/ionicons-api-56.v1b_1c8c49374e.jar:/Users/samuelyoung/.m2/repository/org/jenkins-ci/plugins/workflow/workflow-support/896.v175a_a_9c5b_78f/workflow-support-896.v175a_a_9c5b_78f.jar:/Users/samuelyoung/.m2/repository/org/jboss/marshalling/jboss-marshalling-river/2.1.3.Final/jboss-marshalling-river-2.1.3.Final.jar:/Users/samuelyoung/.m2/repository/org/jboss/marshalling/jboss-marshalling/2.1.3.Final/jboss-marshalling-2.1.3.Final.jar:/Users/samuelyoung/.m2/repository/com/cloudbees/groovy-cps/3889.v937e0b_3412d3/groovy-cps-3889.v937e0b_3412d3.jar:/Users/samuelyoung/.m2/repository/com/cloudbees/diff4j/1.3/diff4j-1.3.jar:/Users/samuelyoung/.m2/repository/org/jenkins-ci/plugins/workflow/workflow-durable-task-step/1331.vc8c2fed35334/workflow-durable-task-step-1331.vc8c2fed35334.jar:/Users/samuelyoung/.m2/repository/org/jenkins-ci/plugins/durable-task/550.v0930093c4b_a_6/durable-task-550.v0930093c4b_a_6.jar:/Users/samuelyoung/.m2/repository/io/jenkins/plugins/lib-durable-task/43.v0b_d629cd2b_0c/lib-durable-task-43.v0b_d629cd2b_0c.jar:/Users/samuelyoung/.m2/repository/org/jenkins-ci/plugins/workflow/workflow-job/1385.vb_58b_86ea_fff1/workflow-job-1385.vb_58b_86ea_fff1.jar:/Users/samuelyoung/.m2/repository/org/json/json/20210307/json-20210307.jar:/Users/samuelyoung/.m2/repository/org/jenkins-ci/main/jenkins-core/2.451/jenkins-core-2.451.jar:/Users/samuelyoung/.m2/repository/org/jenkins-ci/main/cli/2.451/cli-2.451.jar:/Users/samuelyoung/.m2/repository/org/jenkins-ci/main/remoting/3206.vb_15dcf73f6a_9/remoting-3206.vb_15dcf73f6a_9.jar:/Users/samuelyoung/.m2/repository/args4j/args4j/2.33/args4j-2.33.jar:/Users/samuelyoung/.m2/repository/com/github/spotbugs/spotbugs-annotations/4.8.3/spotbugs-annotations-4.8.3.jar:/Users/samuelyoung/.m2/repository/com/google/guava/guava/33.1.0-jre/guava-33.1.0-jre.jar:/Users/samuelyoung/.m2/repository/com/google/guava/failureaccess/1.0.2/failureaccess-1.0.2.jar:/Users/samuelyoung/.m2/repository/com/google/guava/listenablefuture/9999.0-empty-to-avoid-conflict-with-guava/listenablefuture-9999.0-empty-to-avoid-conflict-with-guava.jar:/Users/samuelyoung/.m2/repository/com/google/code/findbugs/jsr305/3.0.1/jsr305-3.0.1.jar:/Users/samuelyoung/.m2/repository/com/google/inject/guice/6.0.0/guice-6.0.0.jar:/Users/samuelyoung/.m2/repository/javax/inject/javax.inject/1/javax.inject-1.jar:/Users/samuelyoung/.m2/repository/jakarta/inject/jakarta.inject-api/2.0.1/jakarta.inject-api-2.0.1.jar:/Users/samuelyoung/.m2/repository/com/infradna/tool/bridge-method-annotation/1.29/bridge-method-annotation-1.29.jar:/Users/samuelyoung/.m2/repository/com/jcraft/jzlib/1.1.3-kohsuke-1/jzlib-1.1.3-kohsuke-1.jar:/Users/samuelyoung/.m2/repository/com/sun/solaris/embedded_su4j/1.1/embedded_su4j-1.1.jar:/Users/samuelyoung/.m2/repository/com/sun/xml/txw2/txw2/20110809/txw2-20110809.jar:/Users/samuelyoung/.m2/repository/relaxngDatatype/relaxngDatatype/20020414/relaxngDatatype-20020414.jar:/Users/samuelyoung/.m2/repository/com/thoughtworks/xstream/xstream/1.4.20/xstream-1.4.20.jar:/Users/samuelyoung/.m2/repository/io/github/x-stream/mxparser/1.2.2/mxparser-1.2.2.jar:/Users/samuelyoung/.m2/repository/commons-beanutils/commons-beanutils/1.9.4/commons-beanutils-1.9.4.jar:/Users/samuelyoung/.m2/repository/commons-codec/commons-codec/1.16.1/commons-codec-1.16.1.jar:/Users/samuelyoung/.m2/repository/commons-collections/commons-collections/3.2.2/commons-collections-3.2.2.jar:/Users/samuelyoung/.m2/repository/commons-fileupload/commons-fileupload/1.5/commons-fileupload-1.5.jar:/Users/samuelyoung/.m2/repository/commons-io/commons-io/2.15.1/commons-io-2.15.1.jar:/Users/samuelyoung/.m2/repository/commons-jelly/commons-jelly-tags-fmt/1.0/commons-jelly-tags-fmt-1.0.jar:/Users/samuelyoung/.m2/repository/commons-jelly/commons-jelly-tags-xml/1.1/commons-jelly-tags-xml-1.1.jar:/Users/samuelyoung/.m2/repository/commons-lang/commons-lang/2.6/commons-lang-2.6.jar:/Users/samuelyoung/.m2/repository/io/jenkins/stapler/jenkins-stapler-support/1.1/jenkins-stapler-support-1.1.jar:/Users/samuelyoung/.m2/repository/jakarta/servlet/jsp/jstl/jakarta.servlet.jsp.jstl-api/1.2.7/jakarta.servlet.jsp.jstl-api-1.2.7.jar:/Users/samuelyoung/.m2/repository/jaxen/jaxen/2.0.0/jaxen-2.0.0.jar:/Users/samuelyoung/.m2/repository/jline/jline/2.14.6/jline-2.14.6.jar:/Users/samuelyoung/.m2/repository/net/java/dev/jna/jna/5.14.0/jna-5.14.0.jar:/Users/samuelyoung/.m2/repository/net/java/sezpoz/sezpoz/1.13/sezpoz-1.13.jar:/Users/samuelyoung/.m2/repository/net/jcip/jcip-annotations/1.0/jcip-annotations-1.0.jar:/Users/samuelyoung/.m2/repository/org/antlr/antlr4-runtime/4.13.1/antlr4-runtime-4.13.1.jar:/Users/samuelyoung/.m2/repository/org/apache/ant/ant/1.10.14/ant-1.10.14.jar:/Users/samuelyoung/.m2/repository/org/apache/ant/ant-launcher/1.10.14/ant-launcher-1.10.14.jar:/Users/samuelyoung/.m2/repository/org/apache/commons/commons-compress/1.26.1/commons-compress-1.26.1.jar:/Users/samuelyoung/.m2/repository/org/codehaus/groovy/groovy-all/2.4.21/groovy-all-2.4.21.jar:/Users/samuelyoung/.m2/repository/org/connectbot/jbcrypt/1.0.2/jbcrypt-1.0.2.jar:/Users/samuelyoung/.m2/repository/org/fusesource/jansi/jansi/1.11/jansi-1.11.jar:/Users/samuelyoung/.m2/repository/org/jenkins-ci/annotation-indexer/1.17/annotation-indexer-1.17.jar:/Users/samuelyoung/.m2/repository/org/jenkins-ci/commons-jexl/1.1-jenkins-20111212/commons-jexl-1.1-jenkins-20111212.jar:/Users/samuelyoung/.m2/repository/org/jenkins-ci/crypto-util/1.9/crypto-util-1.9.jar:/Users/samuelyoung/.m2/repository/org/jenkins-ci/memory-monitor/1.12/memory-monitor-1.12.jar:/Users/samuelyoung/.m2/repository/org/jenkins-ci/symbol-annotation/1.24/symbol-annotation-1.24.jar:/Users/samuelyoung/.m2/repository/org/jenkins-ci/task-reactor/1.8/task-reactor-1.8.jar:/Users/samuelyoung/.m2/repository/org/jenkins-ci/version-number/1.11/version-number-1.11.jar:/Users/samuelyoung/.m2/repository/org/jenkins-ci/main/websocket-spi/2.451/websocket-spi-2.451.jar:/Users/samuelyoung/.m2/repository/org/jfree/jfreechart/1.0.19/jfreechart-1.0.19.jar:/Users/samuelyoung/.m2/repository/org/jfree/jcommon/1.0.23/jcommon-1.0.23.jar:/Users/samuelyoung/.m2/repository/org/jvnet/hudson/commons-jelly-tags-define/1.1-jenkins-20230713/commons-jelly-tags-define-1.1-jenkins-20230713.jar:/Users/samuelyoung/.m2/repository/org/jvnet/localizer/localizer/1.31/localizer-1.31.jar:/Users/samuelyoung/.m2/repository/org/jvnet/robust-http-client/robust-http-client/1.2/robust-http-client-1.2.jar:/Users/samuelyoung/.m2/repository/org/jvnet/winp/winp/1.30/winp-1.30.jar:/Users/samuelyoung/.m2/repository/org/kohsuke/access-modifier-annotation/1.33/access-modifier-annotation-1.33.jar:/Users/samuelyoung/.m2/repository/org/kohsuke/windows-package-checker/1.2/windows-package-checker-1.2.jar:/Users/samuelyoung/.m2/repository/org/kohsuke/jinterop/j-interop/2.0.8-kohsuke-1/j-interop-2.0.8-kohsuke-1.jar:/Users/samuelyoung/.m2/repository/org/kohsuke/jinterop/j-interopdeps/2.0.8-kohsuke-1/j-interopdeps-2.0.8-kohsuke-1.jar:/Users/samuelyoung/.m2/repository/org/samba/jcifs/jcifs/1.3.18-kohsuke-1/jcifs-1.3.18-kohsuke-1.jar:/Users/samuelyoung/.m2/repository/org/kohsuke/stapler/json-lib/2.4-jenkins-3/json-lib-2.4-jenkins-3.jar:/Users/samuelyoung/.m2/repository/net/sf/ezmorph/ezmorph/1.0.6/ezmorph-1.0.6.jar:/Users/samuelyoung/.m2/repository/org/kohsuke/stapler/stapler/1839.ved17667b_a_eb_5/stapler-1839.ved17667b_a_eb_5.jar:/Users/samuelyoung/.m2/repository/commons-discovery/commons-discovery/0.5/commons-discovery-0.5.jar:/Users/samuelyoung/.m2/repository/jakarta/annotation/jakarta.annotation-api/2.1.1/jakarta.annotation-api-2.1.1.jar:/Users/samuelyoung/.m2/repository/javax/annotation/javax.annotation-api/1.3.2/javax.annotation-api-1.3.2.jar:/Users/samuelyoung/.m2/repository/org/jvnet/tiger-types/2.2/tiger-types-2.2.jar:/Users/samuelyoung/.m2/repository/org/kohsuke/stapler/stapler-adjunct-codemirror/1.3/stapler-adjunct-codemirror-1.3.jar:/Users/samuelyoung/.m2/repository/org/kohsuke/stapler/stapler-groovy/1839.ved17667b_a_eb_5/stapler-groovy-1839.ved17667b_a_eb_5.jar:/Users/samuelyoung/.m2/repository/org/kohsuke/stapler/stapler-jelly/1839.ved17667b_a_eb_5/stapler-jelly-1839.ved17667b_a_eb_5.jar:/Users/samuelyoung/.m2/repository/org/dom4j/dom4j/2.1.4/dom4j-2.1.4.jar:/Users/samuelyoung/.m2/repository/org/jenkins-ci/commons-jelly/1.1-jenkins-20230713/commons-jelly-1.1-jenkins-20230713.jar:/Users/samuelyoung/.m2/repository/org/ow2/asm/asm/9.6/asm-9.6.jar:/Users/samuelyoung/.m2/repository/org/ow2/asm/asm-analysis/9.6/asm-analysis-9.6.jar:/Users/samuelyoung/.m2/repository/org/ow2/asm/asm-commons/9.6/asm-commons-9.6.jar:/Users/samuelyoung/.m2/repository/org/ow2/asm/asm-tree/9.6/asm-tree-9.6.jar:/Users/samuelyoung/.m2/repository/org/ow2/asm/asm-util/9.6/asm-util-9.6.jar:/Users/samuelyoung/.m2/repository/org/slf4j/jcl-over-slf4j/2.0.12/jcl-over-slf4j-2.0.12.jar:/Users/samuelyoung/.m2/repository/org/slf4j/slf4j-api/2.0.12/slf4j-api-2.0.12.jar:/Users/samuelyoung/.m2/repository/org/slf4j/log4j-over-slf4j/2.0.12/log4j-over-slf4j-2.0.12.jar:/Users/samuelyoung/.m2/repository/org/springframework/security/spring-security-web/5.8.11/spring-security-web-5.8.11.jar:/Users/samuelyoung/.m2/repository/org/springframework/security/spring-security-core/5.8.11/spring-security-core-5.8.11.jar:/Users/samuelyoung/.m2/repository/org/springframework/security/spring-security-crypto/5.8.11/spring-security-crypto-5.8.11.jar:/Users/samuelyoung/.m2/repository/org/springframework/spring-core/5.3.33/spring-core-5.3.33.jar:/Users/samuelyoung/.m2/repository/org/springframework/spring-aop/5.3.33/spring-aop-5.3.33.jar:/Users/samuelyoung/.m2/repository/org/springframework/spring-beans/5.3.33/spring-beans-5.3.33.jar:/Users/samuelyoung/.m2/repository/org/springframework/spring-context/5.3.33/spring-context-5.3.33.jar:/Users/samuelyoung/.m2/repository/org/springframework/spring-expression/5.3.33/spring-expression-5.3.33.jar:/Users/samuelyoung/.m2/repository/org/springframework/spring-web/5.3.33/spring-web-5.3.33.jar:/Users/samuelyoung/.m2/repository/xpp3/xpp3/1.1.4c/xpp3-1.1.4c.jar:/Users/samuelyoung/.m2/repository/org/jenkins-ci/main/jenkins-war/2.451/jenkins-war-2.451.war:/Users/samuelyoung/.m2/repository/org/jenkins-ci/main/websocket-jetty10/2.451/websocket-jetty10-2.451.jar:/Users/samuelyoung/.m2/repository/org/slf4j/slf4j-jdk14/2.0.12/slf4j-jdk14-2.0.12.jar:/Users/samuelyoung/.m2/repository/jakarta/servlet/jakarta.servlet-api/4.0.4/jakarta.servlet-api-4.0.4.jar:/Users/samuelyoung/.m2/repository/commons-logging/commons-logging/1.3.0/commons-logging-1.3.0.jar:/Users/samuelyoung/.m2/repository/org/jenkins-ci/main/jenkins-test-harness/2174.v111a_b_471784f/jenkins-test-harness-2174.v111a_b_471784f.jar:/Users/samuelyoung/.m2/repository/io/jenkins/lib/support-log-formatter/1.2/support-log-formatter-1.2.jar:/Users/samuelyoung/.m2/repository/junit/junit/4.13.2/junit-4.13.2.jar:/Users/samuelyoung/.m2/repository/org/hamcrest/hamcrest-core/2.2/hamcrest-core-2.2.jar:/Users/samuelyoung/.m2/repository/org/eclipse/jetty/jetty-security/10.0.20/jetty-security-10.0.20.jar:/Users/samuelyoung/.m2/repository/org/eclipse/jetty/jetty-server/10.0.20/jetty-server-10.0.20.jar:/Users/samuelyoung/.m2/repository/org/eclipse/jetty/jetty-http/10.0.20/jetty-http-10.0.20.jar:/Users/samuelyoung/.m2/repository/org/eclipse/jetty/jetty-io/10.0.20/jetty-io-10.0.20.jar:/Users/samuelyoung/.m2/repository/org/eclipse/jetty/jetty-webapp/10.0.20/jetty-webapp-10.0.20.jar:/Users/samuelyoung/.m2/repository/org/eclipse/jetty/jetty-servlet/10.0.20/jetty-servlet-10.0.20.jar:/Users/samuelyoung/.m2/repository/org/eclipse/jetty/jetty-xml/10.0.20/jetty-xml-10.0.20.jar:/Users/samuelyoung/.m2/repository/org/eclipse/jetty/jetty-util/10.0.20/jetty-util-10.0.20.jar:/Users/samuelyoung/.m2/repository/org/eclipse/jetty/websocket/websocket-jetty-server/10.0.20/websocket-jetty-server-10.0.20.jar:/Users/samuelyoung/.m2/repository/org/eclipse/jetty/toolchain/jetty-servlet-api/4.0.6/jetty-servlet-api-4.0.6.jar:/Users/samuelyoung/.m2/repository/org/eclipse/jetty/websocket/websocket-jetty-api/10.0.20/websocket-jetty-api-10.0.20.jar:/Users/samuelyoung/.m2/repository/org/eclipse/jetty/websocket/websocket-jetty-common/10.0.20/websocket-jetty-common-10.0.20.jar:/Users/samuelyoung/.m2/repository/org/eclipse/jetty/websocket/websocket-core-common/10.0.20/websocket-core-common-10.0.20.jar:/Users/samuelyoung/.m2/repository/org/eclipse/jetty/websocket/websocket-servlet/10.0.20/websocket-servlet-10.0.20.jar:/Users/samuelyoung/.m2/repository/org/eclipse/jetty/websocket/websocket-core-server/10.0.20/websocket-core-server-10.0.20.jar:/Users/samuelyoung/.m2/repository/org/hamcrest/hamcrest/2.2/hamcrest-2.2.jar:/Users/samuelyoung/.m2/repository/org/jenkins-ci/main/jenkins-test-harness-htmlunit/164.v87e5a_1809c10/jenkins-test-harness-htmlunit-164.v87e5a_1809c10.jar:/Users/samuelyoung/.m2/repository/org/junit/jupiter/junit-jupiter-api/5.10.2/junit-jupiter-api-5.10.2.jar:/Users/samuelyoung/.m2/repository/org/opentest4j/opentest4j/1.3.0/opentest4j-1.3.0.jar:/Users/samuelyoung/.m2/repository/org/junit/platform/junit-platform-commons/1.10.2/junit-platform-commons-1.10.2.jar:/Users/samuelyoung/.m2/repository/org/netbeans/modules/org-netbeans-insane/RELEASE200/org-netbeans-insane-RELEASE200.jar:/Users/samuelyoung/.m2/repository/org/openjdk/jmh/jmh-core/1.37/jmh-core-1.37.jar:/Users/samuelyoung/.m2/repository/net/sf/jopt-simple/jopt-simple/5.0.4/jopt-simple-5.0.4.jar:/Users/samuelyoung/.m2/repository/org/apache/commons/commons-math3/3.6.1/commons-math3-3.6.1.jar:/Users/samuelyoung/.m2/repository/org/openjdk/jmh/jmh-generator-annprocess/1.37/jmh-generator-annprocess-1.37.jar:/Users/samuelyoung/.m2/repository/org/jenkins-ci/test-annotations/1.4/test-annotations-1.4.jar:/Users/samuelyoung/.m2/repository/org/junit/jupiter/junit-jupiter/5.10.2/junit-jupiter-5.10.2.jar:/Users/samuelyoung/.m2/repository/org/junit/jupiter/junit-jupiter-params/5.10.2/junit-jupiter-params-5.10.2.jar:/Users/samuelyoung/.m2/repository/org/junit/jupiter/junit-jupiter-engine/5.10.2/junit-jupiter-engine-5.10.2.jar:/Users/samuelyoung/.m2/repository/org/junit/vintage/junit-vintage-engine/5.10.2/junit-vintage-engine-5.10.2.jar:/Users/samuelyoung/.m2/repository/org/junit/platform/junit-platform-engine/1.10.2/junit-platform-engine-1.10.2.jar:/Users/samuelyoung/.m2/repository/org/apiguardian/apiguardian-api/1.1.2/apiguardian-api-1.1.2.jar:"/>
    <property name="java.vm.vendor" value="Homebrew"/>
    <property name="sun.arch.data.model" value="64"/>
    <property name="sun.font.fontmanager" value="sun.font.CFontManager"/>
    <property name="java.vendor.url" value="https://github.com/Homebrew/homebrew-core/issues"/>
    <property name="user.timezone" value="America/New_York"/>
    <property name="os.name" value="Mac OS X"/>
    <property name="java.vm.specification.version" value="17"/>
    <property name="user.country" value="US"/>
    <property name="sun.java.launcher" value="SUN_STANDARD"/>
    <property name="sun.boot.library.path" value="/opt/homebrew/Cellar/openjdk@17/17.0.13/libexec/openjdk.jdk/Contents/Home/lib"/>
    <property name="sun.java.command" value="/Users/samuelyoung/Documents/Pipelines/Jenkins/plugin/jenkins_repo/Jenkins/target/surefire/surefirebooter-20250819135420083_3.jar /Users/samuelyoung/Documents/Pipelines/Jenkins/plugin/jenkins_repo/Jenkins/target/surefire 2025-08-19T13-54-19_676-jvmRun1 surefire-20250819135420083_1tmp surefire_0-20250819135420083_2tmp"/>
    <property name="http.nonProxyHosts" value="local|*.local|169.254/16|*.169.254/16"/>
    <property name="jdk.debug" value="release"/>
    <property name="surefire.test.class.path" value="/Users/samuelyoung/Documents/Pipelines/Jenkins/plugin/jenkins_repo/Jenkins/target/test-classes:/Users/samuelyoung/Documents/Pipelines/Jenkins/plugin/jenkins_repo/Jenkins/target/classes:/Users/samuelyoung/.m2/repository/org/jenkins-ci/plugins/credentials/1319.v7eb_51b_3a_c97b_/credentials-1319.v7eb_51b_3a_c97b_.jar:/Users/samuelyoung/.m2/repository/org/jenkins-ci/plugins/plain-credentials/179.vc5cb_98f6db_38/plain-credentials-179.vc5cb_98f6db_38.jar:/Users/samuelyoung/.m2/repository/org/jenkins-ci/plugins/git/5.2.1/git-5.2.1.jar:/Users/samuelyoung/.m2/repository/org/jenkins-ci/plugins/git-client/4.7.0/git-client-4.7.0.jar:/Users/samuelyoung/.m2/repository/io/jenkins/plugins/gson-api/2.10.1-15.v0d99f670e0a_7/gson-api-2.10.1-15.v0d99f670e0a_7.jar:/Users/samuelyoung/.m2/repository/com/google/code/gson/gson/2.10.1/gson-2.10.1.jar:/Users/samuelyoung/.m2/repository/io/jenkins/plugins/mina-sshd-api/mina-sshd-api-common/2.12.1-101.v85b_e08b_780dd/mina-sshd-api-common-2.12.1-101.v85b_e08b_780dd.jar:/Users/samuelyoung/.m2/repository/org/apache/sshd/sshd-common/2.12.1/sshd-common-2.12.1.jar:/Users/samuelyoung/.m2/repository/io/jenkins/plugins/mina-sshd-api/mina-sshd-api-core/2.12.1-101.v85b_e08b_780dd/mina-sshd-api-core-2.12.1-101.v85b_e08b_780dd.jar:/Users/samuelyoung/.m2/repository/org/apache/sshd/sshd-core/2.12.1/sshd-core-2.12.1.jar:/Users/samuelyoung/.m2/repository/org/eclipse/jgit/org.eclipse.jgit/6.9.0.202403050737-r/org.eclipse.jgit-6.9.0.202403050737-r.jar:/Users/samuelyoung/.m2/repository/com/googlecode/javaewah/JavaEWAH/1.2.3/JavaEWAH-1.2.3.jar:/Users/samuelyoung/.m2/repository/org/eclipse/jgit/org.eclipse.jgit.http.apache/6.9.0.202403050737-r/org.eclipse.jgit.http.apache-6.9.0.202403050737-r.jar:/Users/samuelyoung/.m2/repository/org/eclipse/jgit/org.eclipse.jgit.http.server/6.9.0.202403050737-r/org.eclipse.jgit.http.server-6.9.0.202403050737-r.jar:/Users/samuelyoung/.m2/repository/org/eclipse/jgit/org.eclipse.jgit.lfs/6.9.0.202403050737-r/org.eclipse.jgit.lfs-6.9.0.202403050737-r.jar:/Users/samuelyoung/.m2/repository/org/eclipse/jgit/org.eclipse.jgit.ssh.apache/6.9.0.202403050737-r/org.eclipse.jgit.ssh.apache-6.9.0.202403050737-r.jar:/Users/samuelyoung/.m2/repository/org/jenkins-ci/plugins/trilead-api/2.142.v748523a_76693/trilead-api-2.142.v748523a_76693.jar:/Users/samuelyoung/.m2/repository/org/jenkins-ci/trilead-ssh2/build-217-jenkins-274.276.v58da_75159cb_7/trilead-ssh2-build-217-jenkins-274.276.v58da_75159cb_7.jar:/Users/samuelyoung/.m2/repository/net/i2p/crypto/eddsa/0.3.0/eddsa-0.3.0.jar:/Users/samuelyoung/.m2/repository/org/connectbot/jbcrypt/jbcrypt/1.0.0/jbcrypt-1.0.0.jar:/Users/samuelyoung/.m2/repository/com/google/crypto/tink/tink/1.10.0/tink-1.10.0.jar:/Users/samuelyoung/.m2/repository/com/google/errorprone/error_prone_annotations/2.18.0/error_prone_annotations-2.18.0.jar:/Users/samuelyoung/.m2/repository/org/kohsuke/trilead-putty-extension/1.2/trilead-putty-extension-1.2.jar:/Users/samuelyoung/.m2/repository/org/jenkins-ci/plugins/ssh-credentials/334.v7732563deee1/ssh-credentials-334.v7732563deee1.jar:/Users/samuelyoung/.m2/repository/org/jenkins-ci/plugins/variant/60.v7290fc0eb_b_cd/variant-60.v7290fc0eb_b_cd.jar:/Users/samuelyoung/.m2/repository/org/jenkins-ci/plugins/scm-api/676.v886669a_199a_a_/scm-api-676.v886669a_199a_a_.jar:/Users/samuelyoung/.m2/repository/org/jenkins-ci/plugins/script-security/1326.vdb_c154de8669/script-security-1326.vdb_c154de8669.jar:/Users/samuelyoung/.m2/repository/org/kohsuke/groovy-sandbox/1.33/groovy-sandbox-1.33.jar:/Users/samuelyoung/.m2/repository/io/jenkins/plugins/caffeine-api/3.1.8-133.v17b_1ff2e0599/caffeine-api-3.1.8-133.v17b_1ff2e0599.jar:/Users/samuelyoung/.m2/repository/com/github/ben-manes/caffeine/caffeine/3.1.8/caffeine-3.1.8.jar:/Users/samuelyoung/.m2/repository/org/jenkins-ci/plugins/workflow/workflow-step-api/657.v03b_e8115821b_/workflow-step-api-657.v03b_e8115821b_.jar:/Users/samuelyoung/.m2/repository/org/jenkins-ci/plugins/workflow/workflow-scm-step/427.v4ca_6512e7df1/workflow-scm-step-427.v4ca_6512e7df1.jar:/Users/samuelyoung/.m2/repository/org/jenkins-ci/plugins/mailer/470.vc91f60c5d8e2/mailer-470.vc91f60c5d8e2.jar:/Users/samuelyoung/.m2/repository/org/jenkins-ci/plugins/display-url-api/2.200.vb_9327d658781/display-url-api-2.200.vb_9327d658781.jar:/Users/samuelyoung/.m2/repository/org/jenkins-ci/modules/instance-identity/185.v303dc7c645f9/instance-identity-185.v303dc7c645f9.jar:/Users/samuelyoung/.m2/repository/org/jenkins-ci/plugins/bouncycastle-api/2.30.1.77-225.v26ea_c9455fd9/bouncycastle-api-2.30.1.77-225.v26ea_c9455fd9.jar:/Users/samuelyoung/.m2/repository/org/bouncycastle/bcpkix-jdk18on/1.77/bcpkix-jdk18on-1.77.jar:/Users/samuelyoung/.m2/repository/org/bouncycastle/bcprov-jdk18on/1.77/bcprov-jdk18on-1.77.jar:/Users/samuelyoung/.m2/repository/org/bouncycastle/bcutil-jdk18on/1.77/bcutil-jdk18on-1.77.jar:/Users/samuelyoung/.m2/repository/org/jenkins-ci/plugins/credentials-binding/657.v2b_19db_7d6e6d/credentials-binding-657.v2b_19db_7d6e6d.jar:/Users/samuelyoung/.m2/repository/org/jenkins-ci/plugins/structs/337.v1b_04ea_4df7c8/structs-337.v1b_04ea_4df7c8.jar:/Users/samuelyoung/.m2/repository/org/jenkins-ci/plugins/workflow/workflow-basic-steps/1049.v257a_e6b_30fb_d/workflow-basic-steps-1049.v257a_e6b_30fb_d.jar:/Users/samuelyoung/.m2/repository/io/jenkins/plugins/jakarta-mail-api/2.1.3-1/jakarta-mail-api-2.1.3-1.jar:/Users/samuelyoung/.m2/repository/io/jenkins/plugins/jakarta-activation-api/2.1.3-1/jakarta-activation-api-2.1.3-1.jar:/Users/samuelyoung/.m2/repository/jakarta/activation/jakarta.activation-api/2.1.3/jakarta.activation-api-2.1.3.jar:/Users/samuelyoung/.m2/repository/org/eclipse/angus/angus-activation/2.0.2/angus-activation-2.0.2.jar:/Users/samuelyoung/.m2/repository/jakarta/mail/jakarta.mail-api/2.1.3/jakarta.mail-api-2.1.3.jar:/Users/samuelyoung/.m2/repository/org/eclipse/angus/angus-mail/2.0.3/angus-mail-2.0.3.jar:/Users/samuelyoung/.m2/repository/org/jenkins-ci/plugins/workflow/workflow-api/1291.v51fd2a_625da_7/workflow-api-1291.v51fd2a_625da_7.jar:/Users/samuelyoung/.m2/repository/org/jenkins-ci/plugins/apache-httpcomponents-client-4-api/4.5.14-208.v438351942757/apache-httpcomponents-client-4-api-4.5.14-208.v438351942757.jar:/Users/samuelyoung/.m2/repository/org/apache/httpcomponents/fluent-hc/4.5.14/fluent-hc-4.5.14.jar:/Users/samuelyoung/.m2/repository/org/apache/httpcomponents/httpasyncclient/4.1.5/httpasyncclient-4.1.5.jar:/Users/samuelyoung/.m2/repository/org/apache/httpcomponents/httpasyncclient-cache/4.1.5/httpasyncclient-cache-4.1.5.jar:/Users/samuelyoung/.m2/repository/org/apache/httpcomponents/httpclient/4.5.14/httpclient-4.5.14.jar:/Users/samuelyoung/.m2/repository/org/apache/httpcomponents/httpclient-cache/4.5.14/httpclient-cache-4.5.14.jar:/Users/samuelyoung/.m2/repository/org/apache/httpcomponents/httpcore/4.4.16/httpcore-4.4.16.jar:/Users/samuelyoung/.m2/repository/org/apache/httpcomponents/httpcore-nio/4.4.16/httpcore-nio-4.4.16.jar:/Users/samuelyoung/.m2/repository/org/apache/httpcomponents/httpmime/4.5.14/httpmime-4.5.14.jar:/Users/samuelyoung/.m2/repository/org/jenkins-ci/plugins/workflow/workflow-cps/3889.v937e0b_3412d3/workflow-cps-3889.v937e0b_3412d3.jar:/Users/samuelyoung/.m2/repository/io/jenkins/plugins/ionicons-api/56.v1b_1c8c49374e/ionicons-api-56.v1b_1c8c49374e.jar:/Users/samuelyoung/.m2/repository/org/jenkins-ci/plugins/workflow/workflow-support/896.v175a_a_9c5b_78f/workflow-support-896.v175a_a_9c5b_78f.jar:/Users/samuelyoung/.m2/repository/org/jboss/marshalling/jboss-marshalling-river/2.1.3.Final/jboss-marshalling-river-2.1.3.Final.jar:/Users/samuelyoung/.m2/repository/org/jboss/marshalling/jboss-marshalling/2.1.3.Final/jboss-marshalling-2.1.3.Final.jar:/Users/samuelyoung/.m2/repository/com/cloudbees/groovy-cps/3889.v937e0b_3412d3/groovy-cps-3889.v937e0b_3412d3.jar:/Users/samuelyoung/.m2/repository/com/cloudbees/diff4j/1.3/diff4j-1.3.jar:/Users/samuelyoung/.m2/repository/org/jenkins-ci/plugins/workflow/workflow-durable-task-step/1331.vc8c2fed35334/workflow-durable-task-step-1331.vc8c2fed35334.jar:/Users/samuelyoung/.m2/repository/org/jenkins-ci/plugins/durable-task/550.v0930093c4b_a_6/durable-task-550.v0930093c4b_a_6.jar:/Users/samuelyoung/.m2/repository/io/jenkins/plugins/lib-durable-task/43.v0b_d629cd2b_0c/lib-durable-task-43.v0b_d629cd2b_0c.jar:/Users/samuelyoung/.m2/repository/org/jenkins-ci/plugins/workflow/workflow-job/1385.vb_58b_86ea_fff1/workflow-job-1385.vb_58b_86ea_fff1.jar:/Users/samuelyoung/.m2/repository/org/json/json/20210307/json-20210307.jar:/Users/samuelyoung/.m2/repository/org/jenkins-ci/main/jenkins-core/2.451/jenkins-core-2.451.jar:/Users/samuelyoung/.m2/repository/org/jenkins-ci/main/cli/2.451/cli-2.451.jar:/Users/samuelyoung/.m2/repository/org/jenkins-ci/main/remoting/3206.vb_15dcf73f6a_9/remoting-3206.vb_15dcf73f6a_9.jar:/Users/samuelyoung/.m2/repository/args4j/args4j/2.33/args4j-2.33.jar:/Users/samuelyoung/.m2/repository/com/github/spotbugs/spotbugs-annotations/4.8.3/spotbugs-annotations-4.8.3.jar:/Users/samuelyoung/.m2/repository/com/google/guava/guava/33.1.0-jre/guava-33.1.0-jre.jar:/Users/samuelyoung/.m2/repository/com/google/guava/failureaccess/1.0.2/failureaccess-1.0.2.jar:/Users/samuelyoung/.m2/repository/com/google/guava/listenablefuture/9999.0-empty-to-avoid-conflict-with-guava/listenablefuture-9999.0-empty-to-avoid-conflict-with-guava.jar:/Users/samuelyoung/.m2/repository/com/google/code/findbugs/jsr305/3.0.1/jsr305-3.0.1.jar:/Users/samuelyoung/.m2/repository/com/google/inject/guice/6.0.0/guice-6.0.0.jar:/Users/samuelyoung/.m2/repository/javax/inject/javax.inject/1/javax.inject-1.jar:/Users/samuelyoung/.m2/repository/jakarta/inject/jakarta.inject-api/2.0.1/jakarta.inject-api-2.0.1.jar:/Users/samuelyoung/.m2/repository/com/infradna/tool/bridge-method-annotation/1.29/bridge-method-annotation-1.29.jar:/Users/samuelyoung/.m2/repository/com/jcraft/jzlib/1.1.3-kohsuke-1/jzlib-1.1.3-kohsuke-1.jar:/Users/samuelyoung/.m2/repository/com/sun/solaris/embedded_su4j/1.1/embedded_su4j-1.1.jar:/Users/samuelyoung/.m2/repository/com/sun/xml/txw2/txw2/20110809/txw2-20110809.jar:/Users/samuelyoung/.m2/repository/relaxngDatatype/relaxngDatatype/20020414/relaxngDatatype-20020414.jar:/Users/samuelyoung/.m2/repository/com/thoughtworks/xstream/xstream/1.4.20/xstream-1.4.20.jar:/Users/samuelyoung/.m2/repository/io/github/x-stream/mxparser/1.2.2/mxparser-1.2.2.jar:/Users/samuelyoung/.m2/repository/commons-beanutils/commons-beanutils/1.9.4/commons-beanutils-1.9.4.jar:/Users/samuelyoung/.m2/repository/commons-codec/commons-codec/1.16.1/commons-codec-1.16.1.jar:/Users/samuelyoung/.m2/repository/commons-collections/commons-collections/3.2.2/commons-collections-3.2.2.jar:/Users/samuelyoung/.m2/repository/commons-fileupload/commons-fileupload/1.5/commons-fileupload-1.5.jar:/Users/samuelyoung/.m2/repository/commons-io/commons-io/2.15.1/commons-io-2.15.1.jar:/Users/samuelyoung/.m2/repository/commons-jelly/commons-jelly-tags-fmt/1.0/commons-jelly-tags-fmt-1.0.jar:/Users/samuelyoung/.m2/repository/commons-jelly/commons-jelly-tags-xml/1.1/commons-jelly-tags-xml-1.1.jar:/Users/samuelyoung/.m2/repository/commons-lang/commons-lang/2.6/commons-lang-2.6.jar:/Users/samuelyoung/.m2/repository/io/jenkins/stapler/jenkins-stapler-support/1.1/jenkins-stapler-support-1.1.jar:/Users/samuelyoung/.m2/repository/jakarta/servlet/jsp/jstl/jakarta.servlet.jsp.jstl-api/1.2.7/jakarta.servlet.jsp.jstl-api-1.2.7.jar:/Users/samuelyoung/.m2/repository/jaxen/jaxen/2.0.0/jaxen-2.0.0.jar:/Users/samuelyoung/.m2/repository/jline/jline/2.14.6/jline-2.14.6.jar:/Users/samuelyoung/.m2/repository/net/java/dev/jna/jna/5.14.0/jna-5.14.0.jar:/Users/samuelyoung/.m2/repository/net/java/sezpoz/sezpoz/1.13/sezpoz-1.13.jar:/Users/samuelyoung/.m2/repository/net/jcip/jcip-annotations/1.0/jcip-annotations-1.0.jar:/Users/samuelyoung/.m2/repository/org/antlr/antlr4-runtime/4.13.1/antlr4-runtime-4.13.1.jar:/Users/samuelyoung/.m2/repository/org/apache/ant/ant/1.10.14/ant-1.10.14.jar:/Users/samuelyoung/.m2/repository/org/apache/ant/ant-launcher/1.10.14/ant-launcher-1.10.14.jar:/Users/samuelyoung/.m2/repository/org/apache/commons/commons-compress/1.26.1/commons-compress-1.26.1.jar:/Users/samuelyoung/.m2/repository/org/codehaus/groovy/groovy-all/2.4.21/groovy-all-2.4.21.jar:/Users/samuelyoung/.m2/repository/org/connectbot/jbcrypt/1.0.2/jbcrypt-1.0.2.jar:/Users/samuelyoung/.m2/repository/org/fusesource/jansi/jansi/1.11/jansi-1.11.jar:/Users/samuelyoung/.m2/repository/org/jenkins-ci/annotation-indexer/1.17/annotation-indexer-1.17.jar:/Users/samuelyoung/.m2/repository/org/jenkins-ci/commons-jexl/1.1-jenkins-20111212/commons-jexl-1.1-jenkins-20111212.jar:/Users/samuelyoung/.m2/repository/org/jenkins-ci/crypto-util/1.9/crypto-util-1.9.jar:/Users/samuelyoung/.m2/repository/org/jenkins-ci/memory-monitor/1.12/memory-monitor-1.12.jar:/Users/samuelyoung/.m2/repository/org/jenkins-ci/symbol-annotation/1.24/symbol-annotation-1.24.jar:/Users/samuelyoung/.m2/repository/org/jenkins-ci/task-reactor/1.8/task-reactor-1.8.jar:/Users/samuelyoung/.m2/repository/org/jenkins-ci/version-number/1.11/version-number-1.11.jar:/Users/samuelyoung/.m2/repository/org/jenkins-ci/main/websocket-spi/2.451/websocket-spi-2.451.jar:/Users/samuelyoung/.m2/repository/org/jfree/jfreechart/1.0.19/jfreechart-1.0.19.jar:/Users/samuelyoung/.m2/repository/org/jfree/jcommon/1.0.23/jcommon-1.0.23.jar:/Users/samuelyoung/.m2/repository/org/jvnet/hudson/commons-jelly-tags-define/1.1-jenkins-20230713/commons-jelly-tags-define-1.1-jenkins-20230713.jar:/Users/samuelyoung/.m2/repository/org/jvnet/localizer/localizer/1.31/localizer-1.31.jar:/Users/samuelyoung/.m2/repository/org/jvnet/robust-http-client/robust-http-client/1.2/robust-http-client-1.2.jar:/Users/samuelyoung/.m2/repository/org/jvnet/winp/winp/1.30/winp-1.30.jar:/Users/samuelyoung/.m2/repository/org/kohsuke/access-modifier-annotation/1.33/access-modifier-annotation-1.33.jar:/Users/samuelyoung/.m2/repository/org/kohsuke/windows-package-checker/1.2/windows-package-checker-1.2.jar:/Users/samuelyoung/.m2/repository/org/kohsuke/jinterop/j-interop/2.0.8-kohsuke-1/j-interop-2.0.8-kohsuke-1.jar:/Users/samuelyoung/.m2/repository/org/kohsuke/jinterop/j-interopdeps/2.0.8-kohsuke-1/j-interopdeps-2.0.8-kohsuke-1.jar:/Users/samuelyoung/.m2/repository/org/samba/jcifs/jcifs/1.3.18-kohsuke-1/jcifs-1.3.18-kohsuke-1.jar:/Users/samuelyoung/.m2/repository/org/kohsuke/stapler/json-lib/2.4-jenkins-3/json-lib-2.4-jenkins-3.jar:/Users/samuelyoung/.m2/repository/net/sf/ezmorph/ezmorph/1.0.6/ezmorph-1.0.6.jar:/Users/samuelyoung/.m2/repository/org/kohsuke/stapler/stapler/1839.ved17667b_a_eb_5/stapler-1839.ved17667b_a_eb_5.jar:/Users/samuelyoung/.m2/repository/commons-discovery/commons-discovery/0.5/commons-discovery-0.5.jar:/Users/samuelyoung/.m2/repository/jakarta/annotation/jakarta.annotation-api/2.1.1/jakarta.annotation-api-2.1.1.jar:/Users/samuelyoung/.m2/repository/javax/annotation/javax.annotation-api/1.3.2/javax.annotation-api-1.3.2.jar:/Users/samuelyoung/.m2/repository/org/jvnet/tiger-types/2.2/tiger-types-2.2.jar:/Users/samuelyoung/.m2/repository/org/kohsuke/stapler/stapler-adjunct-codemirror/1.3/stapler-adjunct-codemirror-1.3.jar:/Users/samuelyoung/.m2/repository/org/kohsuke/stapler/stapler-groovy/1839.ved17667b_a_eb_5/stapler-groovy-1839.ved17667b_a_eb_5.jar:/Users/samuelyoung/.m2/repository/org/kohsuke/stapler/stapler-jelly/1839.ved17667b_a_eb_5/stapler-jelly-1839.ved17667b_a_eb_5.jar:/Users/samuelyoung/.m2/repository/org/dom4j/dom4j/2.1.4/dom4j-2.1.4.jar:/Users/samuelyoung/.m2/repository/org/jenkins-ci/commons-jelly/1.1-jenkins-20230713/commons-jelly-1.1-jenkins-20230713.jar:/Users/samuelyoung/.m2/repository/org/ow2/asm/asm/9.6/asm-9.6.jar:/Users/samuelyoung/.m2/repository/org/ow2/asm/asm-analysis/9.6/asm-analysis-9.6.jar:/Users/samuelyoung/.m2/repository/org/ow2/asm/asm-commons/9.6/asm-commons-9.6.jar:/Users/samuelyoung/.m2/repository/org/ow2/asm/asm-tree/9.6/asm-tree-9.6.jar:/Users/samuelyoung/.m2/repository/org/ow2/asm/asm-util/9.6/asm-util-9.6.jar:/Users/samuelyoung/.m2/repository/org/slf4j/jcl-over-slf4j/2.0.12/jcl-over-slf4j-2.0.12.jar:/Users/samuelyoung/.m2/repository/org/slf4j/slf4j-api/2.0.12/slf4j-api-2.0.12.jar:/Users/samuelyoung/.m2/repository/org/slf4j/log4j-over-slf4j/2.0.12/log4j-over-slf4j-2.0.12.jar:/Users/samuelyoung/.m2/repository/org/springframework/security/spring-security-web/5.8.11/spring-security-web-5.8.11.jar:/Users/samuelyoung/.m2/repository/org/springframework/security/spring-security-core/5.8.11/spring-security-core-5.8.11.jar:/Users/samuelyoung/.m2/repository/org/springframework/security/spring-security-crypto/5.8.11/spring-security-crypto-5.8.11.jar:/Users/samuelyoung/.m2/repository/org/springframework/spring-core/5.3.33/spring-core-5.3.33.jar:/Users/samuelyoung/.m2/repository/org/springframework/spring-aop/5.3.33/spring-aop-5.3.33.jar:/Users/samuelyoung/.m2/repository/org/springframework/spring-beans/5.3.33/spring-beans-5.3.33.jar:/Users/samuelyoung/.m2/repository/org/springframework/spring-context/5.3.33/spring-context-5.3.33.jar:/Users/samuelyoung/.m2/repository/org/springframework/spring-expression/5.3.33/spring-expression-5.3.33.jar:/Users/samuelyoung/.m2/repository/org/springframework/spring-web/5.3.33/spring-web-5.3.33.jar:/Users/samuelyoung/.m2/repository/xpp3/xpp3/1.1.4c/xpp3-1.1.4c.jar:/Users/samuelyoung/.m2/repository/org/jenkins-ci/main/jenkins-war/2.451/jenkins-war-2.451.war:/Users/samuelyoung/.m2/repository/org/jenkins-ci/main/websocket-jetty10/2.451/websocket-jetty10-2.451.jar:/Users/samuelyoung/.m2/repository/org/slf4j/slf4j-jdk14/2.0.12/slf4j-jdk14-2.0.12.jar:/Users/samuelyoung/.m2/repository/jakarta/servlet/jakarta.servlet-api/4.0.4/jakarta.servlet-api-4.0.4.jar:/Users/samuelyoung/.m2/repository/commons-logging/commons-logging/1.3.0/commons-logging-1.3.0.jar:/Users/samuelyoung/.m2/repository/org/jenkins-ci/main/jenkins-test-harness/2174.v111a_b_471784f/jenkins-test-harness-2174.v111a_b_471784f.jar:/Users/samuelyoung/.m2/repository/io/jenkins/lib/support-log-formatter/1.2/support-log-formatter-1.2.jar:/Users/samuelyoung/.m2/repository/junit/junit/4.13.2/junit-4.13.2.jar:/Users/samuelyoung/.m2/repository/org/hamcrest/hamcrest-core/2.2/hamcrest-core-2.2.jar:/Users/samuelyoung/.m2/repository/org/eclipse/jetty/jetty-security/10.0.20/jetty-security-10.0.20.jar:/Users/samuelyoung/.m2/repository/org/eclipse/jetty/jetty-server/10.0.20/jetty-server-10.0.20.jar:/Users/samuelyoung/.m2/repository/org/eclipse/jetty/jetty-http/10.0.20/jetty-http-10.0.20.jar:/Users/samuelyoung/.m2/repository/org/eclipse/jetty/jetty-io/10.0.20/jetty-io-10.0.20.jar:/Users/samuelyoung/.m2/repository/org/eclipse/jetty/jetty-webapp/10.0.20/jetty-webapp-10.0.20.jar:/Users/samuelyoung/.m2/repository/org/eclipse/jetty/jetty-servlet/10.0.20/jetty-servlet-10.0.20.jar:/Users/samuelyoung/.m2/repository/org/eclipse/jetty/jetty-xml/10.0.20/jetty-xml-10.0.20.jar:/Users/samuelyoung/.m2/repository/org/eclipse/jetty/jetty-util/10.0.20/jetty-util-10.0.20.jar:/Users/samuelyoung/.m2/repository/org/eclipse/jetty/websocket/websocket-jetty-server/10.0.20/websocket-jetty-server-10.0.20.jar:/Users/samuelyoung/.m2/repository/org/eclipse/jetty/toolchain/jetty-servlet-api/4.0.6/jetty-servlet-api-4.0.6.jar:/Users/samuelyoung/.m2/repository/org/eclipse/jetty/websocket/websocket-jetty-api/10.0.20/websocket-jetty-api-10.0.20.jar:/Users/samuelyoung/.m2/repository/org/eclipse/jetty/websocket/websocket-jetty-common/10.0.20/websocket-jetty-common-10.0.20.jar:/Users/samuelyoung/.m2/repository/org/eclipse/jetty/websocket/websocket-core-common/10.0.20/websocket-core-common-10.0.20.jar:/Users/samuelyoung/.m2/repository/org/eclipse/jetty/websocket/websocket-servlet/10.0.20/websocket-servlet-10.0.20.jar:/Users/samuelyoung/.m2/repository/org/eclipse/jetty/websocket/websocket-core-server/10.0.20/websocket-core-server-10.0.20.jar:/Users/samuelyoung/.m2/repository/org/hamcrest/hamcrest/2.2/hamcrest-2.2.jar:/Users/samuelyoung/.m2/repository/org/jenkins-ci/main/jenkins-test-harness-htmlunit/164.v87e5a_1809c10/jenkins-test-harness-htmlunit-164.v87e5a_1809c10.jar:/Users/samuelyoung/.m2/repository/org/junit/jupiter/junit-jupiter-api/5.10.2/junit-jupiter-api-5.10.2.jar:/Users/samuelyoung/.m2/repository/org/opentest4j/opentest4j/1.3.0/opentest4j-1.3.0.jar:/Users/samuelyoung/.m2/repository/org/junit/platform/junit-platform-commons/1.10.2/junit-platform-commons-1.10.2.jar:/Users/samuelyoung/.m2/repository/org/netbeans/modules/org-netbeans-insane/RELEASE200/org-netbeans-insane-RELEASE200.jar:/Users/samuelyoung/.m2/repository/org/openjdk/jmh/jmh-core/1.37/jmh-core-1.37.jar:/Users/samuelyoung/.m2/repository/net/sf/jopt-simple/jopt-simple/5.0.4/jopt-simple-5.0.4.jar:/Users/samuelyoung/.m2/repository/org/apache/commons/commons-math3/3.6.1/commons-math3-3.6.1.jar:/Users/samuelyoung/.m2/repository/org/openjdk/jmh/jmh-generator-annprocess/1.37/jmh-generator-annprocess-1.37.jar:/Users/samuelyoung/.m2/repository/org/jenkins-ci/test-annotations/1.4/test-annotations-1.4.jar:/Users/samuelyoung/.m2/repository/org/junit/jupiter/junit-jupiter/5.10.2/junit-jupiter-5.10.2.jar:/Users/samuelyoung/.m2/repository/org/junit/jupiter/junit-jupiter-params/5.10.2/junit-jupiter-params-5.10.2.jar:/Users/samuelyoung/.m2/repository/org/junit/jupiter/junit-jupiter-engine/5.10.2/junit-jupiter-engine-5.10.2.jar:/Users/samuelyoung/.m2/repository/org/junit/vintage/junit-vintage-engine/5.10.2/junit-vintage-engine-5.10.2.jar:/Users/samuelyoung/.m2/repository/org/junit/platform/junit-platform-engine/1.10.2/junit-platform-engine-1.10.2.jar:/Users/samuelyoung/.m2/repository/org/apiguardian/apiguardian-api/1.1.2/apiguardian-api-1.1.2.jar:"/>
    <property name="sun.cpu.endian" value="little"/>
    <property name="mail.smtps.sendpartial" value="true"/>
    <property name="user.home" value="/Users/samuelyoung"/>
    <property name="user.language" value="en"/>
    <property name="java.specification.vendor" value="Oracle Corporation"/>
    <property name="java.version.date" value="2024-10-15"/>
    <property name="java.home" value="/opt/homebrew/Cellar/openjdk@17/17.0.13/libexec/openjdk.jdk/Contents/Home"/>
    <property name="surefire.forkNumber" value="1"/>
    <property name="file.separator" value="/"/>
    <property name="basedir" value="/Users/samuelyoung/Documents/Pipelines/Jenkins/plugin/jenkins_repo/Jenkins"/>
    <property name="java.vm.compressedOopsMode" value="Zero based"/>
    <property name="line.separator" value="&#10;"/>
    <property name="java.vm.specification.vendor" value="Oracle Corporation"/>
    <property name="java.specification.name" value="Java Platform API Specification"/>
    <property name="java.awt.headless" value="true"/>
    <property name="org.eclipse.jetty.server.Request.maxFormContentSize" value="-1"/>
    <property name="surefire.real.class.path" value="/Users/samuelyoung/Documents/Pipelines/Jenkins/plugin/jenkins_repo/Jenkins/target/surefire/surefirebooter-20250819135420083_3.jar"/>
    <property name="sun.management.compiler" value="HotSpot 64-Bit Tiered Compilers"/>
    <property name="ftp.nonProxyHosts" value="local|*.local|169.254/16|*.169.254/16"/>
    <property name="java.runtime.version" value="17.0.13+0"/>
    <property name="user.name" value="samuelyoung"/>
    <property name="path.separator" value=":"/>
    <property name="os.version" value="15.5"/>
    <property name="java.runtime.name" value="OpenJDK Runtime Environment"/>
    <property name="file.encoding" value="UTF-8"/>
    <property name="jnidispatch.path" value="/Users/samuelyoung/Library/Caches/JNA/temp/jna9740580893596904635.tmp"/>
    <property name="java.vm.name" value="OpenJDK 64-Bit Server VM"/>
    <property name="jna.platform.library.path" value="/usr/lib:/usr/lib"/>
    <property name="java.vendor.version" value="Homebrew"/>
    <property name="mail.smtp.sendpartial" value="true"/>
    <property name="localRepository" value="/Users/samuelyoung/.m2/repository"/>
    <property name="jna.loaded" value="true"/>
    <property name="java.vendor.url.bug" value="https://github.com/Homebrew/homebrew-core/issues"/>
    <property name="jetty.git.hash" value="3a745c71c23682146f262b99f4ddc4c1bc41630c"/>
    <property name="java.io.tmpdir" value="/Users/samuelyoung/Documents/Pipelines/Jenkins/plugin/jenkins_repo/Jenkins/target/tmp"/>
    <property name="java.version" value="17.0.13"/>
    <property name="user.dir" value="/Users/samuelyoung/Documents/Pipelines/Jenkins/plugin/jenkins_repo/Jenkins"/>
    <property name="os.arch" value="aarch64"/>
    <property name="jenkins.model.Jenkins.SHOW_STACK_TRACE" value="true"/>
    <property name="java.vm.specification.name" value="Java Virtual Machine Specification"/>
    <property name="native.encoding" value="UTF-8"/>
    <property name="java.library.path" value="/Users/samuelyoung/Library/Java/Extensions:/Library/Java/Extensions:/Network/Library/Java/Extensions:/System/Library/Java/Extensions:/usr/lib/java:."/>
    <property name="java.vm.info" value="mixed mode, emulated-client"/>
    <property name="java.vendor" value="Homebrew"/>
    <property name="java.vm.version" value="17.0.13+0"/>
    <property name="java.specification.maintenance.version" value="1"/>
    <property name="sun.io.unicode.encoding" value="UnicodeBig"/>
    <property name="socksNonProxyHosts" value="local|*.local|169.254/16|*.169.254/16"/>
    <property name="java.class.version" value="61.0"/>
  </properties>
  <testcase name="" classname="org.jvnet.hudson.test.JellyTestSuiteBuilder$JellyCheck" time="0.008">
    <system-out><![CDATA[Running tests for io.jenkins.plugins:dx-data-sharer:1.0-SNAPSHOT
]]></system-out>
    <system-err><![CDATA[Aug 19, 2025 1:54:20 PM org.jvnet.hudson.test.WarExploder explode
INFO: Exploding /Users/samuelyoung/.m2/repository/org/jenkins-ci/main/jenkins-war/2.451/jenkins-war-2.451.war into /Users/samuelyoung/Documents/Pipelines/Jenkins/plugin/jenkins_repo/Jenkins/target/jenkins-for-test
Aug 19, 2025 1:54:21 PM org.eclipse.jetty.server.handler.ContextHandler setContextPath
WARNING: Empty contextPath
Aug 19, 2025 1:54:21 PM org.eclipse.jetty.server.Server doStart
INFO: jetty-10.0.20; built: 2024-01-29T20:46:45.278Z; git: 3a745c71c23682146f262b99f4ddc4c1bc41630c; jvm 17.0.13+0
Aug 19, 2025 1:54:21 PM org.eclipse.jetty.webapp.StandardDescriptorProcessor visitServlet
INFO: NO JSP Support for /, did not find org.eclipse.jetty.jsp.JettyJspServlet
Aug 19, 2025 1:54:21 PM org.eclipse.jetty.server.session.DefaultSessionIdManager doStart
INFO: Session workerName=node0
Aug 19, 2025 1:54:21 PM org.eclipse.jetty.server.handler.ContextHandler doStart
INFO: Started o.e.j.w.WebAppContext@ad3324b{Jenkins v2.451,/,file:///Users/samuelyoung/Documents/Pipelines/Jenkins/plugin/jenkins_repo/Jenkins/target/jenkins-for-test/,AVAILABLE}{/Users/samuelyoung/Documents/Pipelines/Jenkins/plugin/jenkins_repo/Jenkins/target/jenkins-for-test}
Aug 19, 2025 1:54:21 PM org.eclipse.jetty.server.AbstractConnector doStart
INFO: Started ServerConnector@4b54af3d{HTTP/1.1, (http/1.1)}{localhost:64695}
Aug 19, 2025 1:54:21 PM org.eclipse.jetty.server.Server doStart
INFO: Started Server@6aef4eb8{STARTING}[10.0.20,sto=0] @1672ms
Aug 19, 2025 1:54:21 PM jenkins.InitReactorRunner$1 onAttained
INFO: Started initialization
Aug 19, 2025 1:54:22 PM jenkins.InitReactorRunner$1 onAttained
INFO: Listed all plugins
Aug 19, 2025 1:54:22 PM jenkins.bouncycastle.api.BouncyCastlePlugin start
INFO: /Users/samuelyoung/Documents/Pipelines/Jenkins/plugin/jenkins_repo/Jenkins/target/tmp/j h3819418632340597257/plugins/bouncycastle-api/WEB-INF/optional-lib not found; for non RealJenkinsRule this is fine and can be ignored.
Aug 19, 2025 1:54:22 PM jenkins.InitReactorRunner$1 onAttained
INFO: Prepared all plugins
Aug 19, 2025 1:54:22 PM jenkins.InitReactorRunner$1 onAttained
INFO: Started all plugins
Aug 19, 2025 1:54:22 PM jenkins.InitReactorRunner$1 onAttained
INFO: Augmented all extensions
Aug 19, 2025 1:54:23 PM jenkins.InitReactorRunner$1 onAttained
INFO: System config loaded
Aug 19, 2025 1:54:23 PM jenkins.InitReactorRunner$1 onAttained
INFO: System config adapted
Aug 19, 2025 1:54:23 PM jenkins.InitReactorRunner$1 onAttained
INFO: Loaded all jobs
Aug 19, 2025 1:54:23 PM jenkins.InitReactorRunner$1 onAttained
INFO: Configuration for all jobs updated
Aug 19, 2025 1:54:23 PM jenkins.InitReactorRunner$1 onAttained
INFO: Completed initialization
Aug 19, 2025 1:54:23 PM org.eclipse.jetty.server.Server doStart
INFO: jetty-10.0.20; built: 2024-01-29T20:46:45.278Z; git: 3a745c71c23682146f262b99f4ddc4c1bc41630c; jvm 17.0.13+0
Aug 19, 2025 1:54:23 PM org.eclipse.jetty.server.session.DefaultSessionIdManager doStart
INFO: Session workerName=node0
Aug 19, 2025 1:54:23 PM org.eclipse.jetty.server.handler.ContextHandler doStart
INFO: Started o.e.j.s.ServletContextHandler@6dc9da2d{/,null,AVAILABLE}
Aug 19, 2025 1:54:23 PM org.eclipse.jetty.server.AbstractConnector doStart
INFO: Started ServerConnector@68a78f3c{HTTP/1.1, (http/1.1)}{0.0.0.0:64697}
Aug 19, 2025 1:54:23 PM org.eclipse.jetty.server.Server doStart
INFO: Started Server@3481ff98{STARTING}[10.0.20,sto=0] @3172ms
]]></system-err>
  </testcase>
  <testcase name="" classname="org.jvnet.hudson.test.JellyTestSuiteBuilder$JellyCheck" time="0.047"/>
  <testcase name="testCliSanity" classname="InjectedTest" time="0.004"/>
  <testcase name="testPluginActive" classname="InjectedTest" time="0.0"/>
  <testcase name="" classname="org.jvnet.hudson.test.junit.FailedTest" time="0.0">
    <system-err><![CDATA[Aug 19, 2025 1:54:23 PM org.eclipse.jetty.server.Server doStop
INFO: Stopped Server@6aef4eb8{STOPPING}[10.0.20,sto=0]
Aug 19, 2025 1:54:23 PM org.eclipse.jetty.server.AbstractConnector doStop
INFO: Stopped ServerConnector@4b54af3d{HTTP/1.1, (http/1.1)}{localhost:0}
Aug 19, 2025 1:54:23 PM org.eclipse.jetty.server.handler.ContextHandler doStop
INFO: Stopped o.e.j.w.WebAppContext@ad3324b{Jenkins v2.451,/,file:///Users/samuelyoung/Documents/Pipelines/Jenkins/plugin/jenkins_repo/Jenkins/target/jenkins-for-test/,STOPPED}{/Users/samuelyoung/Documents/Pipelines/Jenkins/plugin/jenkins_repo/Jenkins/target/jenkins-for-test}
Aug 19, 2025 1:54:23 PM hudson.lifecycle.Lifecycle onStatusUpdate
INFO: Stopping Jenkins
Aug 19, 2025 1:54:23 PM hudson.lifecycle.Lifecycle onStatusUpdate
INFO: Jenkins stopped
Aug 19, 2025 1:54:23 PM org.jvnet.hudson.test.TemporaryDirectoryAllocator dispose
INFO: deleting /Users/samuelyoung/Documents/Pipelines/Jenkins/plugin/jenkins_repo/Jenkins/target/tmp/j h3819418632340597257
]]></system-err>
  </testcase>
</testsuite>